C51 COMPILER V9.00   TM1629                                                                02/02/2018 20:55:56 PAGE 1   


C51 COMPILER V9.00, COMPILATION OF MODULE TM1629
OBJECT MODULE PLACED IN TM1629.OBJ
COMPILER INVOKED BY: D:\Keil\C51\BIN\C51.EXE TM1629.c OPTIMIZE(0,SPEED) BROWSE INCDIR(D:\Keil\C51\INC) DEBUG OBJECTEXTEN
                    -D

line level    source

   1          #include "TM1629.h"
   2          #include "intrins.h"
   3          #include "delay.h"
   4          #include "watchdog.h"
   5          
   6          #include <STC12C52.H>
   7          
   8          
   9          /***********无小数点0-9数组***********/
  10          static unsigned char undecode[10] = {0x3F, 0x06, 0x5B, 0x4F, 0x66, 0x6D, 0x7D, 0x07, 0x7F, 0x6F};
  11          /***********含小数点0-9数组***********/
  12          static unsigned char withdp[10] = {0xBF, 0x86, 0xDB, 0xCF, 0xE6, 0xED, 0xFD, 0x87, 0xFF, 0xDF};
  13          /**********读键盘的值**********/
  14          unsigned char g_key_value;
  15          
  16          unsigned char* gp;
  17          
  18          static void TM1629_SendByte(unsigned char value);
  19          static void delay_nops ();
  20          
  21          /************************************/
  22          //函数名称：Init_TM1629（）
  23          //函数功能：TM1629初始化
  24          /************************************/
  25          void InitDisplay (void)
  26          {
  27   1              unsigned char idata i;
  28   1              
  29   1              STB = 1;
  30   1              CLK = 1;
  31   1              DIO = 0;
  32   1      
  33   1              delay_nops ();
  34   1      
  35   1              //设置显示控制命令
  36   1              STB = 0;
  37   1              delay_nops ();
  38   1      
  39   1              TM1629_SendByte(0x80); //显示，最亮
  40   1      
  41   1              STB = 1;
  42   1              delay_nops ();
  43   1      
  44   1              //设置数据命令
  45   1              STB = 0;
  46   1              delay_nops ();
  47   1      
  48   1              TM1629_SendByte(0x40); //固定地址写数据
  49   1      
  50   1              STB = 1;
  51   1              delay_nops ();
  52   1      
  53   1              //设置显示地址及数据
  54   1              STB = 0;
C51 COMPILER V9.00   TM1629                                                                02/02/2018 20:55:56 PAGE 2   

  55   1              delay_nops ();
  56   1      
  57   1              TM1629_SendByte(0xC0);
  58   1      
  59   1              delay_nops ();
  60   1      
  61   1              for(i=0;i<16;i++)
  62   1              {
  63   2                      TM1629_SendByte(0x00);
  64   2      
  65   2                      delay_nops ();
  66   2              }
  67   1      
  68   1              STB = 1;
  69   1              delay_nops ();
  70   1      
  71   1              //设置显示控制命令
  72   1              STB = 0;
  73   1              delay_nops ();
  74   1      
  75   1              TM1629_SendByte(0x8a); //显示，最亮
  76   1      
  77   1              STB = 1;
  78   1              delay_nops ();
  79   1      
  80   1      }
  81          
  82          
  83          /************************************/
  84          //函数名称：Set_TM1629()
  85          //函数功能：显示设置(digital_num为位码，
  86          //  digital_value为所显示的数字)
  87          /************************************/
  88          void WriteWord (unsigned char digital_num, unsigned char digital_value)
  89          {
  90   1              //设置数据命令
  91   1              STB = 0;
  92   1              _nop_(); _nop_();
  93   1      
  94   1              TM1629_SendByte(0x44); //固定地址写数据
  95   1      
  96   1              STB = 1;
  97   1              _nop_(); _nop_();
  98   1      
  99   1              //设置显示地址及数据
 100   1              STB = 0;
 101   1              _nop_(); _nop_();
 102   1      
 103   1              TM1629_SendByte(0xC1+(digital_num-1)*2);
 104   1      
 105   1      //      TM1629_SendByte((undecode[digital_value]<<4)+(undecode[digital_value]>>4));
 106   1              TM1629_SendByte(digital_value); //undecode[digital_value]
 107   1      
 108   1              STB = 1;
 109   1              _nop_(); _nop_();
 110   1      
 111   1              //设置显示控制命令
 112   1              STB = 0;
 113   1              _nop_(); _nop_();
 114   1      
 115   1              TM1629_SendByte(0x8F); //显示，最亮
 116   1      
C51 COMPILER V9.00   TM1629                                                                02/02/2018 20:55:56 PAGE 3   

 117   1              STB = 1;
 118   1              _nop_(); _nop_();
 119   1      
 120   1      }
 121          
 122          
 123          /************************************/
 124          //函数名称：TM1629_SendByte()
 125          //函数功能：向TM1629写入一个字节
 126          /************************************/
 127          static void TM1629_SendByte(unsigned char value)
 128          {
 129   1              unsigned char idata i;
 130   1      
 131   1              for(i=0;i<8;i++)
 132   1              {
 133   2                      CLK = 0;
 134   2                      DIO = (value>>i)&0x01;
 135   2                      delay_nops ();
 136   2                      CLK = 1;
 137   2                      delay_nops ();
 138   2              }
 139   1      }
 140          
 141          
 142          /************************************/
 143          //函数名称：TM1629_ReadByte()
 144          //函数功能：从TM1629读入一个字节
 145          /************************************/
 146          void TM1629_ReadByte(void)
 147          {
 148   1              unsigned char idata i,key_data=0x00;
 149   1              DIO = 1;
 150   1              for (i=0;i<8;i++)
 151   1              {
 152   2                      CLK = 0;
 153   2                      key_data >>= 1;
 154   2                      if (DIO)
 155   2                      {
 156   3                              key_data += 0x80;
 157   3                      }
 158   2                      delay_nops ();
 159   2                      CLK = 1;
 160   2                      delay_nops ();
 161   2              }
 162   1              g_key_value = key_data;
 163   1      }
 164          
 165          
 166          /************************************/
 167          //函数名称：TM1629_ReadKey()
 168          //函数功能：从TM1629读入键值
 169          /************************************/
 170          void TM1629_ReadKey (void)
 171          {
 172   1              STB = 0;
 173   1              _nop_(); _nop_();
 174   1      
 175   1              TM1629_SendByte(0x42); //读键扫数据
 176   1      
 177   1              delay_nops ();
 178   1      
C51 COMPILER V9.00   TM1629                                                                02/02/2018 20:55:56 PAGE 4   

 179   1              TM1629_ReadByte();
 180   1              _nop_(); _nop_();_nop_(); _nop_();
 181   1              
 182   1              STB = 1;
 183   1      }
 184          
 185          
 186          /************************************/
 187          //函数名称：Delay()
 188          //函数功能：延时12*一个机器周期=12*十二个时钟周期
 189          /************************************/
 190          static void delay_nops (void)
 191          {
 192   1              _nop_(); _nop_();_nop_(); _nop_();
 193   1      //      _nop_(); _nop_();_nop_(); _nop_();
 194   1      //      _nop_(); _nop_();_nop_(); _nop_();      
 195   1      }
 196          
 197          
 198          void WriteWord2(unsigned char addr, unsigned char num)
 199          {
 200   1              WriteWord (addr, undecode [num] );
 201   1      }
 202          
 203          
 204          
 205          
 206          
 207          static unsigned char  i;
 208          /******************************
 209          * *功能：
 210                  (1) 系统开机后进入的状态，
 211              (2) 0 工作状态 （默认）
 212          ******************************/
 213          static void disbase () {
 214   1              
 215   1              for (i=2; i<=7; i++) { 
 216   2                      if (is_heat_now && i==6)
 217   2                              WriteWord (6, withdp [ *gp ]);
 218   2                      else
 219   2                              WriteWord2 (i, *gp);
 220   2                      gp ++;
 221   2              }
 222   1      }
 223          
 224          void DefaultState (unsigned char mode)
 225          {
 226   1              WriteWord (1, 0);
 227   1              gp = current_time;
 228   1      
 229   1              disbase ();
 230   1              Delay (7);
 231   1              if (mode == 0 && is_work == 0) WriteWord (8, 0);
 232   1      }
 233          
 234          void getGpSetMode () {
 235   1              gp = current_time;
 236   1              switch (key2_set_mode) {
 237   2              case 2:
 238   2                      gp = set_start_time;
 239   2                      break;
 240   2              case 3:
C51 COMPILER V9.00   TM1629                                                                02/02/2018 20:55:56 PAGE 5   

 241   2                      gp = set_stop_time;
 242   2                      break;
 243   2              case 4:
 244   2                      gp = set_start_time2;
 245   2                      break;
 246   2              case 5:
 247   2                      gp = set_stop_time2;
 248   2                      break;
 249   2              case 6:
 250   2                      gp = set_start_time3;
 251   2                      break;
 252   2              case 7:
 253   2                      gp = set_stop_time3;
 254   2                      break;
 255   2              }
 256   1      }
 257          
 258          
 259          /************************
 260          * *名称：mode_lighting
 261          * *功能：进入编辑模式时的闪烁
 262          *************************/
 263          void lighting_flash ()
 264          {
 265   1              //时间设置为2~5位, 温度设置6~7位
 266   1              idata unsigned char addr = 2 + key3_shift_mode;  
 267   1              idata unsigned char nn = 0;
 268   1      
 269   1              if (key2_set_mode!=0){
 270   2                      WriteWord(8, work_mode_dis[work_mode]);
 271   2              }
 272   1              if (key2_set_mode == 8) {
 273   2                      Delay (100);
 274   2                      return;
 275   2              }
 276   1      
 277   1              getGpSetMode ();
 278   1              gp += key3_shift_mode;
 279   1                      
 280   1              WriteWord2 (addr, *gp);
 281   1              
 282   1              Delay(100);
 283   1              WriteWord (addr, 0); 
 284   1              Delay(100);             
 285   1      }
 286          
 287          /********************************
 288           * *功能：
 289          
 290          ********************************/
 291          void DisplaySetState () {
 292   1      
 293   1              WriteWord2 (1, key2_set_mode);
 294   1              gp = current_time;
 295   1      
 296   1              getGpSetMode ();
 297   1              disbase ();
 298   1      }       
 299          
 300          


C51 COMPILER V9.00   TM1629                                                                02/02/2018 20:55:56 PAGE 6   

MODULE INFORMATION:   STATIC OVERLAYABLE
   CODE SIZE        =    680    ----
   CONSTANT SIZE    =   ----    ----
   XDATA SIZE       =   ----    ----
   PDATA SIZE       =   ----    ----
   DATA SIZE        =     31    ----
   IDATA SIZE       =      6    ----
   BIT SIZE         =   ----    ----
END OF MODULE INFORMATION.


C51 COMPILATION COMPLETE.  0 WARNING(S),  0 ERROR(S)
