C51 COMPILER V9.00   DS18B20                                                               02/02/2018 20:55:55 PAGE 1   


C51 COMPILER V9.00, COMPILATION OF MODULE DS18B20
OBJECT MODULE PLACED IN DS18B20.OBJ
COMPILER INVOKED BY: D:\Keil\C51\BIN\C51.EXE DS18B20.c OPTIMIZE(0,SPEED) BROWSE INCDIR(D:\Keil\C51\INC) DEBUG OBJECTEXTE
                    -ND

line level    source

   1          #include "DS18B20.h"
   2          #include "delay.h"
   3          #include <REG51.H>
   4          
   5          
   6          sbit DQ = P3^5; //3.5 为温控，2.4 为高温
   7          sbit DQ2 = P2^4; //3.5 为温控，2.4 为高温
   8          
   9          volatile unsigned int last_alarm_temp;
  10          volatile unsigned int last_current_temp;
  11          extern volatile unsigned char first_read_temp;
  12          
  13          static void SetDQ (char s) 
  14          {
  15   1              if (s == 0) DQ = 1;
  16   1              else DQ2 = 1;
  17   1      }
  18          static void ClearDQ (char s) 
  19          {
  20   1              if (s == 0) DQ = 0;
  21   1              else DQ2 = 0;
  22   1      }
  23          
  24          /*******************************************************************************  
  25          *** 函 数 名: void Init1820()  
  26          *** 功能描述:   
  27          *** 全局变量: NO !  
  28          *** 输       入: NO !  
  29          *** 输       出: NO !    
  30          *** 修 改 人：                                      
  31          *** 函数说明:   
  32          /******************************************************************************/
  33          idata int num;   
  34          void Init1820(char s)   
  35          {   
  36   1              num = 500;
  37   1      
  38   1          SetDQ (s);    
  39   1              Delay10uS (1);  
  40   1              ClearDQ (s);   //拉低数据线，准备Reset OneWire Bus；
  41   1              Delay10uS (20);
  42   1              
  43   1          SetDQ (s);     //提升数据线；        
  44   1          Delay10uS (2);
  45   1      //      while(DQ)    //等待Slave 器件Ack 信号；    
  46   1      //  {   
  47   1      //     _nop_();    
  48   1      //  } 
  49   1          while(num--)    //等待Slave 器件Ack 信号；    
  50   1          {  
  51   2                      if (!s && !DQ) break; 
  52   2                      if (s && !DQ2) break;  
  53   2              _nop_();    
  54   2          } 
C51 COMPILER V9.00   DS18B20                                                               02/02/2018 20:55:55 PAGE 2   

  55   1              ClearDQ (s);
  56   1        
  57   1              Delay10uS (10);
  58   1          SetDQ (s);       //提升数据线，准备数据传输；    
  59   1      }  
  60          
  61          
  62          void WR1820(unsigned char DATA, char s)  
  63          {
  64   1              idata unsigned char i = 0;
  65   1              for (i=8; i>0; i--)
  66   1              {
  67   2              if (s == 0) {
  68   3                              DQ = 0;
  69   3                      DQ = DATA&0x01;
  70   3                      }else {
  71   3                              DQ2 = 0;
  72   3                      DQ2 = DATA&0x01;
  73   3                      }
  74   2       //     delay(5);
  75   2                      Delay10uS (2);
  76   2      
  77   2                      SetDQ (s);
  78   2      
  79   2                      DATA >>= 1;
  80   2              }
  81   1      }
  82          
  83          
  84          unsigned char RD1820(char s)
  85          {
  86   1              idata unsigned char i;
  87   1              idata unsigned char DATA=0;
  88   1      
  89   1              for (i=8; i>0; i--)
  90   1              {
  91   2              ClearDQ (s);    // 给脉冲信号
  92   2      //              _nop_(); _nop_(); _nop_();
  93   2              DATA >>= 1;
  94   2                      //DQ = 1;       // 给脉冲信号
  95   2                      SetDQ (s);      // 给脉冲信号
  96   2      //              _nop_(); _nop_(); _nop_();
  97   2      
  98   2              if( (s==0 && DQ) || (s==1 && DQ2))
  99   2                              DATA |= 0x80;
 100   2                      //delay(4);
 101   2                      Delay10uS (2);
 102   2                      
 103   2              }
 104   1      
 105   1              return DATA;
 106   1      }
 107          
 108          
 109          /*******************************************************************************  
 110          *** 函 数 名: unsigned int RD_T();  
 111          *** 功能描述: 读取温度；  
 112          *** 全局变量: NO !  
 113          *** 输       入: NO !  
 114          *** 输       出: 16bit data；  
 115          *** 函数说明: 读之前必须首先写1；  
 116          /******************************************************************************/   
C51 COMPILER V9.00   DS18B20                                                               02/02/2018 20:55:55 PAGE 3   

 117          unsigned int RD_T(char s)   
 118          {     
 119   1          unsigned int idata tp;   
 120   1          unsigned char idata tmbuf[2];  
 121   1       
 122   1      //      if (s == 0){
 123   1      //              //DQ = P3^5; //3.5 为温控，2.4 为高温
 124   1      //              DQ=P3^5;
 125   1      //      }
 126   1      //      else
 127   1      //              DQ = P2^4;
 128   1      
 129   1              Init1820(s);      
 130   1              WR1820(0xcc, s);     
 131   1          WR1820(0x44, s);
 132   1              if(first_read_temp == 1)
 133   1              {
 134   2                      Delay(1000);             //500ms延时
 135   2                      first_read_temp = 0;
 136   2              }
 137   1              Init1820(s);     
 138   1              WR1820(0xcc, s);   
 139   1          WR1820(0xbe, s); 
 140   1          
 141   1              tmbuf[0]=RD1820(s);   
 142   1              tmbuf[1]=RD1820(s);
 143   1      
 144   1          tp = tmbuf[1]*256+tmbuf[0];  
 145   1          tp = tp/16; //0.0625  
 146   1      
 147   1              //      如果最高位为1，表示温度值为负，返回0
 148   1              if (tmbuf[1] & 0x80 == 0x01)
 149   1                      tp = 0;
 150   1      
 151   1              if(tp <= 99)                                               //限幅滤波功能，温度采集值大于99时
 152   1              {                                                                          //返回上一次采集的温度有效值
 153   2                      if(s == 0)
 154   2                              last_current_temp = tp;
 155   2                      else if(s == 1)
 156   2                              last_alarm_temp = tp;
 157   2              }
 158   1              else 
 159   1              {
 160   2                      if(s == 0)
 161   2                              tp = last_current_temp;
 162   2                      else if(s == 1)
 163   2                              tp =  last_alarm_temp;  
 164   2              }
 165   1      
 166   1          return tp;      
 167   1      }  
 168          
 169            


MODULE INFORMATION:   STATIC OVERLAYABLE
   CODE SIZE        =    479    ----
   CONSTANT SIZE    =   ----    ----
   XDATA SIZE       =   ----    ----
   PDATA SIZE       =   ----    ----
   DATA SIZE        =     11    ----
   IDATA SIZE       =      9    ----
C51 COMPILER V9.00   DS18B20                                                               02/02/2018 20:55:55 PAGE 4   

   BIT SIZE         =   ----    ----
END OF MODULE INFORMATION.


C51 COMPILATION COMPLETE.  0 WARNING(S),  0 ERROR(S)
