C51 COMPILER V9.00   SYSTEMINIT                                                            02/02/2018 20:55:55 PAGE 1   


C51 COMPILER V9.00, COMPILATION OF MODULE SYSTEMINIT
OBJECT MODULE PLACED IN systemInit.OBJ
COMPILER INVOKED BY: D:\Keil\C51\BIN\C51.EXE systemInit.c OPTIMIZE(0,SPEED) BROWSE INCDIR(D:\Keil\C51\INC) DEBUG OBJECTE
                    -XTEND

line level    source

   1          
   2          #include <STC12C52.H>
   3          
   4          #include "systemInit.h"
   5          #include "timer.h"
   6          
   7          /********************
   8          * *名称：外部中断初始化（对应4个按键）
   9          * *功能：读键盘
  10          *********************/
  11          /*static void Key_Int_Init(void)
  12          {
  13                  INT0      = 1;
  14                  EX0       = 1;
  15                  INT1      = 1;
  16                  EX1       = 1;
  17                  IT0       = 1;
  18                  IT1       = 1;
  19                  INT_CLKO |= 0x10;
  20                  INT_CLKO |= 0x20;
  21                  EA        = 1;
  22          }  */
  23          
  24          
  25          /********************
  26          * *名称：io_configure
  27          * *功能：IO口配置
  28          *********************/
  29          static void io_configure(void)
  30          {
  31   1              P0M0 = 0x00;
  32   1              P0M1 = 0x00;
  33   1      
  34   1              P1M0 = 0x00;
  35   1              P1M1 = 0x04;
  36   1      
  37   1              P2M0 = 0x00;
  38   1              P2M1 = 0x6E;
  39   1      
  40   1              P3M0 = 0x00;
  41   1              P3M1 = 0x00;
  42   1      }
  43          
  44          void system_init ()
  45          {
  46   1              io_configure();
  47   1              ADC_CONTR |= 0x80;              //1000,0000 打开 A/D 转换电源
  48   1      
  49   1              Timer_Init();
  50   1      
  51   1      //      Key_Int_Init();
  52   1      }


C51 COMPILER V9.00   SYSTEMINIT                                                            02/02/2018 20:55:55 PAGE 2   

MODULE INFORMATION:   STATIC OVERLAYABLE
   CODE SIZE        =     35    ----
   CONSTANT SIZE    =   ----    ----
   XDATA SIZE       =   ----    ----
   PDATA SIZE       =   ----    ----
   DATA SIZE        =   ----    ----
   IDATA SIZE       =   ----    ----
   BIT SIZE         =   ----    ----
END OF MODULE INFORMATION.


C51 COMPILATION COMPLETE.  0 WARNING(S),  0 ERROR(S)
